\BOOKMARK [0][-]{section*.3}{\376\377\000D\000e\000c\000l\000a\000r\000a\000t\000i\000o\000n\000\040\000C\000e\000r\000t\000i\000f\000i\000c\000a\000t\000e}{}% 1
\BOOKMARK [0][-]{section*.6}{\376\377\000S\000u\000p\000e\000r\000v\000i\000s\000o\000r\000\040\000C\000e\000r\000t\000i\000f\000i\000c\000a\000t\000e}{}% 2
\BOOKMARK [0][-]{section*.9}{\376\377\000C\000o\000p\000y\000r\000i\000g\000h\000t\000\040\000T\000r\000a\000n\000s\000f\000e\000r\000\040\000C\000e\000r\000t\000i\000f\000i\000c\000a\000t\000e}{}% 3
\BOOKMARK [0][-]{section*.12}{\376\377\000A\000b\000s\000t\000r\000a\000c\000t}{}% 4
\BOOKMARK [0][-]{section*.14}{\376\377\000A\000c\000k\000o\000w\000l\000e\000d\000g\000m\000e\000n\000t}{}% 5
\BOOKMARK [0][-]{section*.19}{\376\377\000L\000i\000s\000t\000\040\000o\000f\000\040\000F\000i\000g\000u\000r\000e\000s}{}% 6
\BOOKMARK [0][-]{section*.20}{\376\377\000L\000i\000s\000t\000\040\000o\000f\000\040\000T\000a\000b\000l\000e\000s}{}% 7
\BOOKMARK [0][-]{section*.21}{\376\377\000L\000i\000s\000t\000\040\000o\000f\000\040\000A\000b\000b\000r\000e\000v\000i\000a\000t\000i\000o\000n\000s}{}% 8
\BOOKMARK [0][-]{section*.23}{\376\377\000L\000i\000s\000t\000\040\000o\000f\000\040\000S\000y\000m\000b\000o\000l\000s}{}% 9
\BOOKMARK [0][-]{chapter.1}{\376\377\000I\000n\000t\000r\000o\000d\000u\000c\000t\000i\000o\000n}{}% 10
\BOOKMARK [1][-]{section.1.1}{\376\377\000I\000n\000t\000r\000o\000d\000u\000c\000t\000i\000o\000n}{chapter.1}% 11
\BOOKMARK [2][-]{subsection.1.1.1}{\376\377\000p\000m\0002}{section.1.1}% 12
\BOOKMARK [3][-]{subsubsection.1.1.1.1}{\376\377\000p\000m\0002}{subsection.1.1.1}% 13
\BOOKMARK [0][-]{chapter.2}{\376\377\000L\000i\000t\000e\000r\000a\000t\000u\000r\000e\000\040\000R\000e\000v\000i\000e\000w}{}% 14
\BOOKMARK [1][-]{section.2.1}{\376\377\000L\000i\000t\000e\000r\000a\000t\000u\000r\000e\000\040\000R\000e\000v\000i\000e\000w}{chapter.2}% 15
\BOOKMARK [0][-]{chapter.3}{\376\377\000B\000a\000s\000i\000c\000s\000\040\000R\000e\000l\000a\000t\000e\000d\000\040\000R\000o\000n\000c\000e\000p\000t\000s}{}% 16
\BOOKMARK [1][-]{section.3.1}{\376\377\000B\000a\000s\000i\000c\000s\000\040\000R\000e\000l\000a\000t\000e\000d\000\040\000R\000o\000n\000c\000e\000p\000t\000s}{chapter.3}% 17
\BOOKMARK [2][-]{subsection.3.1.1}{\376\377\000M\000a\000c\000h\000i\000n\000e\000\040\000L\000e\000a\000r\000n\000i\000n\000g}{section.3.1}% 18
\BOOKMARK [0][-]{chapter.4}{\376\377\000M\000e\000t\000h\000o\000d\000o\000l\000o\000g\000y}{}% 19
\BOOKMARK [1][-]{section.4.1}{\376\377\000M\000e\000t\000h\000o\000d\000o\000l\000o\000g\000y}{chapter.4}% 20
\BOOKMARK [0][-]{chapter.5}{\376\377\000R\000e\000s\000u\000l\000t\000s\000\040\000a\000n\000d\000\040\000A\000n\000a\000l\000y\000s\000i\000s}{}% 21
\BOOKMARK [1][-]{section.5.1}{\376\377\000R\000e\000s\000u\000l\000t\000s\000\040\000a\000n\000d\000\040\000A\000n\000a\000l\000y\000s\000i\000s}{chapter.5}% 22
\BOOKMARK [0][-]{chapter.6}{\376\377\000C\000o\000n\000c\000l\000u\000s\000i\000o\000n}{}% 23
\BOOKMARK [1][-]{section.6.1}{\376\377\000C\000o\000n\000c\000l\000u\000s\000i\000o\000n}{chapter.6}% 24
\BOOKMARK [0][-]{chapter.7}{\376\377\000I\000n\000t\000r\000o\000d\000u\000c\000t\000i\000o\000n}{}% 25
\BOOKMARK [1][-]{section.7.1}{\376\377\000I\000n\000t\000r\000o\000d\000u\000c\000t\000i\000o\000n}{chapter.7}% 26
\BOOKMARK [2][-]{subsection.7.1.1}{\376\377\000p\000m\0002}{section.7.1}% 27
\BOOKMARK [3][-]{subsubsection.7.1.1.1}{\376\377\000p\000m\0002}{subsection.7.1.1}% 28
\BOOKMARK [0][-]{chapter.8}{\376\377\000R\000e\000s\000u\000l\000t\000s\000\040\000a\000n\000d\000\040\000A\000n\000a\000l\000y\000s\000i\000s}{}% 29
\BOOKMARK [1][-]{section.8.1}{\376\377\000R\000e\000s\000u\000l\000t\000s\000\040\000a\000n\000d\000\040\000A\000n\000a\000l\000y\000s\000i\000s}{chapter.8}% 30
\BOOKMARK [0][-]{chapter.9}{\376\377\000L\000i\000t\000e\000r\000a\000t\000u\000r\000e\000\040\000R\000e\000v\000i\000e\000w}{}% 31
\BOOKMARK [1][-]{section.9.1}{\376\377\000L\000i\000t\000e\000r\000a\000t\000u\000r\000e\000\040\000R\000e\000v\000i\000e\000w}{chapter.9}% 32
\BOOKMARK [0][-]{chapter.10}{\376\377\000B\000a\000s\000i\000c\000s\000\040\000R\000e\000l\000a\000t\000e\000d\000\040\000R\000o\000n\000c\000e\000p\000t\000s}{}% 33
\BOOKMARK [1][-]{section.10.1}{\376\377\000B\000a\000s\000i\000c\000s\000\040\000R\000e\000l\000a\000t\000e\000d\000\040\000R\000o\000n\000c\000e\000p\000t\000s}{chapter.10}% 34
\BOOKMARK [2][-]{subsection.10.1.1}{\376\377\000M\000a\000c\000h\000i\000n\000e\000\040\000L\000e\000a\000r\000n\000i\000n\000g}{section.10.1}% 35
\BOOKMARK [0][-]{chapter.11}{\376\377\000M\000e\000t\000h\000o\000d\000o\000l\000o\000g\000y}{}% 36
\BOOKMARK [1][-]{section.11.1}{\376\377\000M\000e\000t\000h\000o\000d\000o\000l\000o\000g\000y}{chapter.11}% 37
\BOOKMARK [0][-]{chapter.12}{\376\377\000C\000o\000n\000c\000l\000u\000s\000i\000o\000n}{}% 38
\BOOKMARK [1][-]{section.12.1}{\376\377\000C\000o\000n\000c\000l\000u\000s\000i\000o\000n}{chapter.12}% 39
\BOOKMARK [0][-]{section*.43}{\376\377\000R\000e\000f\000e\000r\000e\000n\000c\000e\000s}{}% 40
\BOOKMARK [0][-]{section*.47}{\376\377\000A\000p\000p\000e\000n\000d\000i\000c\000e\000s}{}% 41
\BOOKMARK [0][-]{appendix.1.A}{\376\377\000S\000u\000p\000p\000o\000r\000t\000i\000n\000g\000\040\000I\000n\000f\000o\000r\000m\000a\000t\000i\000o\000n}{}% 42
\BOOKMARK [0][-]{appendix.1.B}{\376\377\000S\000u\000p\000p\000o\000r\000t\000i\000n\000g\000\040\000I\000n\000f\000o\000r\000m\000a\000t\000i\000o\000n}{}% 43
\BOOKMARK [0][-]{appendix*.50}{\376\377\000L\000i\000s\000t\000\040\000o\000f\000\040\000P\000u\000b\000l\000i\000c\000a\000t\000i\000o\000n\000s}{}% 44
